2010-05-10 10:46:43 paged_title() [Bouts &amp; Events | Providence Roller Derby.com] [ - Part 2]
2010-05-10 11:35:58 paged_title() [Rhode Island | Providence Roller Derby.com] [ - Part 2]
2010-05-10 14:21:29 paged_title() [WFTDA | Providence Roller Derby.com] [ - Part 3]
2010-05-10 18:42:58 paged_title() [WFTDA | Providence Roller Derby.com] [ - Part 2]
2010-05-11 10:58:21 paged_title() [Bouts &amp; Events | Providence Roller Derby.com] [ - Part 3]
2010-05-11 11:26:15 paged_title() [Bouts &amp; Events | Providence Roller Derby.com] [ - Part 4]
2010-05-11 11:54:33 paged_title() [Bouts | Providence Roller Derby.com] [ - Part 3]
2010-05-11 15:00:19 paged_title() [Bouts &amp; Events | Providence Roller Derby.com] [ - Part 4]
2010-05-12 03:16:06 paged_title() [PRD Web Admin | Providence Roller Derby.com] [ - Part 2]
2010-05-12 07:34:26 paged_title() [Bouts &amp; Events | Providence Roller Derby.com] [ - Part 4]
2010-05-13 07:24:51 paged_title() [Twitter&#8217;d News | Providence Roller Derby.com] [ - Part 2]
2010-05-13 08:51:52 paged_title() [Bouts | Providence Roller Derby.com] [ - Part 4]
2010-05-13 15:03:21 paged_title() [Providence Roller Derby News! | Providence Roller Derby.com] [ - Part 2]
2010-05-13 23:34:52 paged_title() [Rhode Island | Providence Roller Derby.com] [ - Part 2]
2010-05-13 23:34:57 paged_title() [Providence Roller Derby | Providence Roller Derby.com] [ - Part 2]
2010-05-15 12:06:25 paged_title() [Bouts &amp; Events | Providence Roller Derby.com] [ - Part 3]
2010-05-15 13:03:40 paged_title() [Rhode Island | Providence Roller Derby.com] [ - Part 2]
2010-05-15 18:24:31 paged_title() [Bouts &amp; Events | Providence Roller Derby.com] [ - Part 2]
2010-05-15 23:24:12 paged_title() [WFTDA | Providence Roller Derby.com] [ - Part 2]
2010-05-16 01:05:27 paged_title() [Providence Roller Derby | Providence Roller Derby.com] [ - Part 3]
2010-05-16 04:00:52 paged_title() [Bouts &amp; Events | Providence Roller Derby.com] [ - Part 3]
2010-05-16 15:27:23 paged_title() [Providence Roller Derby | Providence Roller Derby.com] [ - Part 4]
2010-05-16 16:25:12 paged_title() [PRD Web Admin | Providence Roller Derby.com] [ - Part 2]
2010-05-16 17:24:04 paged_title() [Bouts &amp; Events | Providence Roller Derby.com] [ - Part 4]
2010-05-16 18:43:19 paged_title() [Providence Roller Derby | Providence Roller Derby.com] [ - Part 2]
2010-05-17 04:01:00 paged_title() [Bouts | Providence Roller Derby.com] [ - Part 3]
2010-05-17 04:11:21 paged_title() [Bouts | Providence Roller Derby.com] [ - Part 3]
2010-05-17 07:23:13 paged_title() [Twitter&#8217;d News | Providence Roller Derby.com] [ - Part 2]
2010-05-18 20:14:01 paged_title() [Bouts &amp; Events | Providence Roller Derby.com] [ - Part 3]
2010-05-19 02:48:50 paged_title() [Providence Roller Derby | Providence Roller Derby.com] [ - Part 2]
2010-05-19 04:25:22 paged_title() [Announcements | Providence Roller Derby.com] [ - Part 2]
2010-05-19 05:38:23 paged_title() [Rhode Island | Providence Roller Derby.com] [ - Part 2]
2010-05-19 06:35:02 paged_title() [Bouts &amp; Events | Providence Roller Derby.com] [ - Part 3]
2010-05-19 11:56:50 paged_title() [Bouts &amp; Events | Providence Roller Derby.com] [ - Part 3]
2010-05-19 14:38:41 paged_title() [Bouts &amp; Events | Providence Roller Derby.com] [ - Part 2]
2010-05-19 19:30:51 paged_title() [Bouts | Providence Roller Derby.com] [ - Part 2]
2010-05-19 20:19:40 paged_title() [Providence Roller Derby | Providence Roller Derby.com] [ - Part 2]
2010-05-19 20:30:29 paged_title() [Rhode Island | Providence Roller Derby.com] [ - Part 2]
2010-05-19 22:16:54 paged_title() [Bouts &amp; Events | Providence Roller Derby.com] [ - Part 2]
2010-05-19 22:44:52 paged_title() [Roller Derby | Providence Roller Derby.com] [ - Part 2]
2010-05-20 05:51:59 paged_title() [Bouts &amp; Events | Providence Roller Derby.com] [ - Part 3]
2010-05-20 08:33:34 paged_title() [Bouts &amp; Events | Providence Roller Derby.com] [ - Part 4]
2010-05-21 06:08:08 paged_title() [Bouts and Upcoming Events! | Providence Roller Derby.com] [ - Part 2]
2010-05-21 11:24:06 paged_title() [PRD Web Admin | Providence Roller Derby.com] [ - Part 2]
